Determining if the pthread_create exist failed with the following output:
Change Dir: /home/ameise/Yassine_GIT/ouster_ws/build/CMakeFiles/CMakeTmp

Run Build Command:"/usr/bin/make" "cmTC_f3a72/fast"
/usr/bin/make -f CMakeFiles/cmTC_f3a72.dir/build.make CMakeFiles/cmTC_f3a72.dir/build
make[1]: Verzeichnis „/home/ameise/Yassine_GIT/ouster_ws/build/CMakeFiles/CMakeTmp“ wird betreten
Building C object CMakeFiles/cmTC_f3a72.dir/CheckSymbolExists.c.o
/usr/bin/cc    -o CMakeFiles/cmTC_f3a72.dir/CheckSymbolExists.c.o   -c /home/ameise/Yassine_GIT/ouster_ws/build/CMakeFiles/CMakeTmp/CheckSymbolExists.c
Linking C executable cmTC_f3a72
/usr/bin/cmake -E cmake_link_script CMakeFiles/cmTC_f3a72.dir/link.txt --verbose=1
/usr/bin/cc      -rdynamic CMakeFiles/cmTC_f3a72.dir/CheckSymbolExists.c.o  -o cmTC_f3a72 
CMakeFiles/cmTC_f3a72.dir/CheckSymbolExists.c.o: In Funktion »main«:
CheckSymbolExists.c:(.text+0x1b): Warnung: undefinierter Verweis auf »pthread_create«
collect2: error: ld returned 1 exit status
CMakeFiles/cmTC_f3a72.dir/build.make:97: recipe for target 'cmTC_f3a72' failed
make[1]: *** [cmTC_f3a72] Error 1
make[1]: Verzeichnis „/home/ameise/Yassine_GIT/ouster_ws/build/CMakeFiles/CMakeTmp“ wird verlassen
Makefile:126: recipe for target 'cmTC_f3a72/fast' failed
make: *** [cmTC_f3a72/fast] Error 2

File /home/ameise/Yassine_GIT/ouster_ws/build/CMakeFiles/CMakeTmp/CheckSymbolExists.c:
/* */
#include <pthread.h>

int main(int argc, char** argv)
{
  (void)argv;
#ifndef pthread_create
  return ((int*)(&pthread_create))[argc];
#else
  (void)argc;
  return 0;
#endif
}

Determining if the function pthread_create exists in the pthreads failed with the following output:
Change Dir: /home/ameise/Yassine_GIT/ouster_ws/build/CMakeFiles/CMakeTmp

Run Build Command:"/usr/bin/make" "cmTC_264ce/fast"
/usr/bin/make -f CMakeFiles/cmTC_264ce.dir/build.make CMakeFiles/cmTC_264ce.dir/build
make[1]: Verzeichnis „/home/ameise/Yassine_GIT/ouster_ws/build/CMakeFiles/CMakeTmp“ wird betreten
Building C object CMakeFiles/cmTC_264ce.dir/CheckFunctionExists.c.o
/usr/bin/cc   -DCHECK_FUNCTION_EXISTS=pthread_create   -o CMakeFiles/cmTC_264ce.dir/CheckFunctionExists.c.o   -c /usr/share/cmake-3.10/Modules/CheckFunctionExists.c
Linking C executable cmTC_264ce
/usr/bin/cmake -E cmake_link_script CMakeFiles/cmTC_264ce.dir/link.txt --verbose=1
/usr/bin/cc  -DCHECK_FUNCTION_EXISTS=pthread_create    -rdynamic CMakeFiles/cmTC_264ce.dir/CheckFunctionExists.c.o  -o cmTC_264ce -lpthreads 
/usr/bin/ld: -lpthreads kann nicht gefunden werden
collect2: error: ld returned 1 exit status
CMakeFiles/cmTC_264ce.dir/build.make:97: recipe for target 'cmTC_264ce' failed
make[1]: *** [cmTC_264ce] Error 1
make[1]: Verzeichnis „/home/ameise/Yassine_GIT/ouster_ws/build/CMakeFiles/CMakeTmp“ wird verlassen
Makefile:126: recipe for target 'cmTC_264ce/fast' failed
make: *** [cmTC_264ce/fast] Error 2


