Determining if the pthread_create exist failed with the following output:
Change Dir: /home/ameise/Yassine_GIT/catkin_ws/build/rover_gazebo/CMakeFiles/CMakeTmp

Run Build Command:"/usr/bin/make" "cmTC_22991/fast"
/usr/bin/make -f CMakeFiles/cmTC_22991.dir/build.make CMakeFiles/cmTC_22991.dir/build
make[1]: Verzeichnis „/home/ameise/Yassine_GIT/catkin_ws/build/rover_gazebo/CMakeFiles/CMakeTmp“ wird betreten
Building C object CMakeFiles/cmTC_22991.dir/CheckSymbolExists.c.o
/usr/bin/cc    -o CMakeFiles/cmTC_22991.dir/CheckSymbolExists.c.o   -c /home/ameise/Yassine_GIT/catkin_ws/build/rover_gazebo/CMakeFiles/CMakeTmp/CheckSymbolExists.c
Linking C executable cmTC_22991
/usr/bin/cmake -E cmake_link_script CMakeFiles/cmTC_22991.dir/link.txt --verbose=1
/usr/bin/cc      -rdynamic CMakeFiles/cmTC_22991.dir/CheckSymbolExists.c.o  -o cmTC_22991 
CMakeFiles/cmTC_22991.dir/CheckSymbolExists.c.o: In Funktion »main«:
CheckSymbolExists.c:(.text+0x1b): Warnung: undefinierter Verweis auf »pthread_create«
collect2: error: ld returned 1 exit status
CMakeFiles/cmTC_22991.dir/build.make:97: recipe for target 'cmTC_22991' failed
make[1]: *** [cmTC_22991] Error 1
make[1]: Verzeichnis „/home/ameise/Yassine_GIT/catkin_ws/build/rover_gazebo/CMakeFiles/CMakeTmp“ wird verlassen
Makefile:126: recipe for target 'cmTC_22991/fast' failed
make: *** [cmTC_22991/fast] Error 2

File /home/ameise/Yassine_GIT/catkin_ws/build/rover_gazebo/CMakeFiles/CMakeTmp/CheckSymbolExists.c:
/* */
#include <pthread.h>

int main(int argc, char** argv)
{
  (void)argv;
#ifndef pthread_create
  return ((int*)(&pthread_create))[argc];
#else
  (void)argc;
  return 0;
#endif
}

Determining if the function pthread_create exists in the pthreads failed with the following output:
Change Dir: /home/ameise/Yassine_GIT/catkin_ws/build/rover_gazebo/CMakeFiles/CMakeTmp

Run Build Command:"/usr/bin/make" "cmTC_ba5d0/fast"
/usr/bin/make -f CMakeFiles/cmTC_ba5d0.dir/build.make CMakeFiles/cmTC_ba5d0.dir/build
make[1]: Verzeichnis „/home/ameise/Yassine_GIT/catkin_ws/build/rover_gazebo/CMakeFiles/CMakeTmp“ wird betreten
Building C object CMakeFiles/cmTC_ba5d0.dir/CheckFunctionExists.c.o
/usr/bin/cc   -DCHECK_FUNCTION_EXISTS=pthread_create   -o CMakeFiles/cmTC_ba5d0.dir/CheckFunctionExists.c.o   -c /usr/share/cmake-3.10/Modules/CheckFunctionExists.c
Linking C executable cmTC_ba5d0
/usr/bin/cmake -E cmake_link_script CMakeFiles/cmTC_ba5d0.dir/link.txt --verbose=1
/usr/bin/cc  -DCHECK_FUNCTION_EXISTS=pthread_create    -rdynamic CMakeFiles/cmTC_ba5d0.dir/CheckFunctionExists.c.o  -o cmTC_ba5d0 -lpthreads 
/usr/bin/ld: -lpthreads kann nicht gefunden werden
collect2: error: ld returned 1 exit status
CMakeFiles/cmTC_ba5d0.dir/build.make:97: recipe for target 'cmTC_ba5d0' failed
make[1]: *** [cmTC_ba5d0] Error 1
make[1]: Verzeichnis „/home/ameise/Yassine_GIT/catkin_ws/build/rover_gazebo/CMakeFiles/CMakeTmp“ wird verlassen
Makefile:126: recipe for target 'cmTC_ba5d0/fast' failed
make: *** [cmTC_ba5d0/fast] Error 2


