Determining if the pthread_create exist failed with the following output:
Change Dir: /home/ameise/Yassine_GIT/catkin_ws/build/rover_description/CMakeFiles/CMakeTmp

Run Build Command:"/usr/bin/make" "cmTC_0f056/fast"
/usr/bin/make -f CMakeFiles/cmTC_0f056.dir/build.make CMakeFiles/cmTC_0f056.dir/build
make[1]: Verzeichnis „/home/ameise/Yassine_GIT/catkin_ws/build/rover_description/CMakeFiles/CMakeTmp“ wird betreten
Building C object CMakeFiles/cmTC_0f056.dir/CheckSymbolExists.c.o
/usr/bin/cc    -o CMakeFiles/cmTC_0f056.dir/CheckSymbolExists.c.o   -c /home/ameise/Yassine_GIT/catkin_ws/build/rover_description/CMakeFiles/CMakeTmp/CheckSymbolExists.c
Linking C executable cmTC_0f056
/usr/bin/cmake -E cmake_link_script CMakeFiles/cmTC_0f056.dir/link.txt --verbose=1
/usr/bin/cc      -rdynamic CMakeFiles/cmTC_0f056.dir/CheckSymbolExists.c.o  -o cmTC_0f056 
CMakeFiles/cmTC_0f056.dir/CheckSymbolExists.c.o: In Funktion »main«:
CheckSymbolExists.c:(.text+0x1b): Warnung: undefinierter Verweis auf »pthread_create«
collect2: error: ld returned 1 exit status
CMakeFiles/cmTC_0f056.dir/build.make:97: recipe for target 'cmTC_0f056' failed
make[1]: *** [cmTC_0f056] Error 1
make[1]: Verzeichnis „/home/ameise/Yassine_GIT/catkin_ws/build/rover_description/CMakeFiles/CMakeTmp“ wird verlassen
Makefile:126: recipe for target 'cmTC_0f056/fast' failed
make: *** [cmTC_0f056/fast] Error 2

File /home/ameise/Yassine_GIT/catkin_ws/build/rover_description/CMakeFiles/CMakeTmp/CheckSymbolExists.c:
/* */
#include <pthread.h>

int main(int argc, char** argv)
{
  (void)argv;
#ifndef pthread_create
  return ((int*)(&pthread_create))[argc];
#else
  (void)argc;
  return 0;
#endif
}

Determining if the function pthread_create exists in the pthreads failed with the following output:
Change Dir: /home/ameise/Yassine_GIT/catkin_ws/build/rover_description/CMakeFiles/CMakeTmp

Run Build Command:"/usr/bin/make" "cmTC_900ce/fast"
/usr/bin/make -f CMakeFiles/cmTC_900ce.dir/build.make CMakeFiles/cmTC_900ce.dir/build
make[1]: Verzeichnis „/home/ameise/Yassine_GIT/catkin_ws/build/rover_description/CMakeFiles/CMakeTmp“ wird betreten
Building C object CMakeFiles/cmTC_900ce.dir/CheckFunctionExists.c.o
/usr/bin/cc   -DCHECK_FUNCTION_EXISTS=pthread_create   -o CMakeFiles/cmTC_900ce.dir/CheckFunctionExists.c.o   -c /usr/share/cmake-3.10/Modules/CheckFunctionExists.c
Linking C executable cmTC_900ce
/usr/bin/cmake -E cmake_link_script CMakeFiles/cmTC_900ce.dir/link.txt --verbose=1
/usr/bin/cc  -DCHECK_FUNCTION_EXISTS=pthread_create    -rdynamic CMakeFiles/cmTC_900ce.dir/CheckFunctionExists.c.o  -o cmTC_900ce -lpthreads 
/usr/bin/ld: -lpthreads kann nicht gefunden werden
collect2: error: ld returned 1 exit status
CMakeFiles/cmTC_900ce.dir/build.make:97: recipe for target 'cmTC_900ce' failed
make[1]: *** [cmTC_900ce] Error 1
make[1]: Verzeichnis „/home/ameise/Yassine_GIT/catkin_ws/build/rover_description/CMakeFiles/CMakeTmp“ wird verlassen
Makefile:126: recipe for target 'cmTC_900ce/fast' failed
make: *** [cmTC_900ce/fast] Error 2


