Determining if the pthread_create exist failed with the following output:
Change Dir: /home/ameise/Yassine_GIT/catkin_ws/build/ouster_client/CMakeFiles/CMakeTmp

Run Build Command:"/usr/bin/make" "cmTC_d1f8f/fast"
/usr/bin/make -f CMakeFiles/cmTC_d1f8f.dir/build.make CMakeFiles/cmTC_d1f8f.dir/build
make[1]: Verzeichnis „/home/ameise/Yassine_GIT/catkin_ws/build/ouster_client/CMakeFiles/CMakeTmp“ wird betreten
Building C object CMakeFiles/cmTC_d1f8f.dir/CheckSymbolExists.c.o
/usr/bin/cc    -o CMakeFiles/cmTC_d1f8f.dir/CheckSymbolExists.c.o   -c /home/ameise/Yassine_GIT/catkin_ws/build/ouster_client/CMakeFiles/CMakeTmp/CheckSymbolExists.c
Linking C executable cmTC_d1f8f
/usr/bin/cmake -E cmake_link_script CMakeFiles/cmTC_d1f8f.dir/link.txt --verbose=1
/usr/bin/cc      -rdynamic CMakeFiles/cmTC_d1f8f.dir/CheckSymbolExists.c.o  -o cmTC_d1f8f 
CMakeFiles/cmTC_d1f8f.dir/CheckSymbolExists.c.o: In Funktion »main«:
CheckSymbolExists.c:(.text+0x1b): Warnung: undefinierter Verweis auf »pthread_create«
collect2: error: ld returned 1 exit status
CMakeFiles/cmTC_d1f8f.dir/build.make:97: recipe for target 'cmTC_d1f8f' failed
make[1]: *** [cmTC_d1f8f] Error 1
make[1]: Verzeichnis „/home/ameise/Yassine_GIT/catkin_ws/build/ouster_client/CMakeFiles/CMakeTmp“ wird verlassen
Makefile:126: recipe for target 'cmTC_d1f8f/fast' failed
make: *** [cmTC_d1f8f/fast] Error 2

File /home/ameise/Yassine_GIT/catkin_ws/build/ouster_client/CMakeFiles/CMakeTmp/CheckSymbolExists.c:
/* */
#include <pthread.h>

int main(int argc, char** argv)
{
  (void)argv;
#ifndef pthread_create
  return ((int*)(&pthread_create))[argc];
#else
  (void)argc;
  return 0;
#endif
}

Determining if the function pthread_create exists in the pthreads failed with the following output:
Change Dir: /home/ameise/Yassine_GIT/catkin_ws/build/ouster_client/CMakeFiles/CMakeTmp

Run Build Command:"/usr/bin/make" "cmTC_89982/fast"
/usr/bin/make -f CMakeFiles/cmTC_89982.dir/build.make CMakeFiles/cmTC_89982.dir/build
make[1]: Verzeichnis „/home/ameise/Yassine_GIT/catkin_ws/build/ouster_client/CMakeFiles/CMakeTmp“ wird betreten
Building C object CMakeFiles/cmTC_89982.dir/CheckFunctionExists.c.o
/usr/bin/cc   -DCHECK_FUNCTION_EXISTS=pthread_create   -o CMakeFiles/cmTC_89982.dir/CheckFunctionExists.c.o   -c /usr/share/cmake-3.10/Modules/CheckFunctionExists.c
Linking C executable cmTC_89982
/usr/bin/cmake -E cmake_link_script CMakeFiles/cmTC_89982.dir/link.txt --verbose=1
/usr/bin/cc  -DCHECK_FUNCTION_EXISTS=pthread_create    -rdynamic CMakeFiles/cmTC_89982.dir/CheckFunctionExists.c.o  -o cmTC_89982 -lpthreads 
/usr/bin/ld: -lpthreads kann nicht gefunden werden
collect2: error: ld returned 1 exit status
CMakeFiles/cmTC_89982.dir/build.make:97: recipe for target 'cmTC_89982' failed
make[1]: *** [cmTC_89982] Error 1
make[1]: Verzeichnis „/home/ameise/Yassine_GIT/catkin_ws/build/ouster_client/CMakeFiles/CMakeTmp“ wird verlassen
Makefile:126: recipe for target 'cmTC_89982/fast' failed
make: *** [cmTC_89982/fast] Error 2


