Determining if the pthread_create exist failed with the following output:
Change Dir: /home/ameise/Yassine_GIT/ws_os/build/CMakeFiles/CMakeTmp

Run Build Command:"/usr/bin/make" "cmTC_75310/fast"
/usr/bin/make -f CMakeFiles/cmTC_75310.dir/build.make CMakeFiles/cmTC_75310.dir/build
make[1]: Verzeichnis „/home/ameise/Yassine_GIT/ws_os/build/CMakeFiles/CMakeTmp“ wird betreten
Building C object CMakeFiles/cmTC_75310.dir/CheckSymbolExists.c.o
/usr/bin/cc    -o CMakeFiles/cmTC_75310.dir/CheckSymbolExists.c.o   -c /home/ameise/Yassine_GIT/ws_os/build/CMakeFiles/CMakeTmp/CheckSymbolExists.c
Linking C executable cmTC_75310
/usr/bin/cmake -E cmake_link_script CMakeFiles/cmTC_75310.dir/link.txt --verbose=1
/usr/bin/cc      -rdynamic CMakeFiles/cmTC_75310.dir/CheckSymbolExists.c.o  -o cmTC_75310 
CMakeFiles/cmTC_75310.dir/CheckSymbolExists.c.o: In Funktion »main«:
CheckSymbolExists.c:(.text+0x1b): Warnung: undefinierter Verweis auf »pthread_create«
collect2: error: ld returned 1 exit status
CMakeFiles/cmTC_75310.dir/build.make:97: recipe for target 'cmTC_75310' failed
make[1]: *** [cmTC_75310] Error 1
make[1]: Verzeichnis „/home/ameise/Yassine_GIT/ws_os/build/CMakeFiles/CMakeTmp“ wird verlassen
Makefile:126: recipe for target 'cmTC_75310/fast' failed
make: *** [cmTC_75310/fast] Error 2

File /home/ameise/Yassine_GIT/ws_os/build/CMakeFiles/CMakeTmp/CheckSymbolExists.c:
/* */
#include <pthread.h>

int main(int argc, char** argv)
{
  (void)argv;
#ifndef pthread_create
  return ((int*)(&pthread_create))[argc];
#else
  (void)argc;
  return 0;
#endif
}

Determining if the function pthread_create exists in the pthreads failed with the following output:
Change Dir: /home/ameise/Yassine_GIT/ws_os/build/CMakeFiles/CMakeTmp

Run Build Command:"/usr/bin/make" "cmTC_404ac/fast"
/usr/bin/make -f CMakeFiles/cmTC_404ac.dir/build.make CMakeFiles/cmTC_404ac.dir/build
make[1]: Verzeichnis „/home/ameise/Yassine_GIT/ws_os/build/CMakeFiles/CMakeTmp“ wird betreten
Building C object CMakeFiles/cmTC_404ac.dir/CheckFunctionExists.c.o
/usr/bin/cc   -DCHECK_FUNCTION_EXISTS=pthread_create   -o CMakeFiles/cmTC_404ac.dir/CheckFunctionExists.c.o   -c /usr/share/cmake-3.10/Modules/CheckFunctionExists.c
Linking C executable cmTC_404ac
/usr/bin/cmake -E cmake_link_script CMakeFiles/cmTC_404ac.dir/link.txt --verbose=1
/usr/bin/cc  -DCHECK_FUNCTION_EXISTS=pthread_create    -rdynamic CMakeFiles/cmTC_404ac.dir/CheckFunctionExists.c.o  -o cmTC_404ac -lpthreads 
/usr/bin/ld: -lpthreads kann nicht gefunden werden
collect2: error: ld returned 1 exit status
CMakeFiles/cmTC_404ac.dir/build.make:97: recipe for target 'cmTC_404ac' failed
make[1]: *** [cmTC_404ac] Error 1
make[1]: Verzeichnis „/home/ameise/Yassine_GIT/ws_os/build/CMakeFiles/CMakeTmp“ wird verlassen
Makefile:126: recipe for target 'cmTC_404ac/fast' failed
make: *** [cmTC_404ac/fast] Error 2


