Determining if the pthread_create exist failed with the following output:
Change Dir: /home/ameise/Yassine_GIT/catkin_ws/build/rover_webcam/CMakeFiles/CMakeTmp

Run Build Command:"/usr/bin/make" "cmTC_c729a/fast"
/usr/bin/make -f CMakeFiles/cmTC_c729a.dir/build.make CMakeFiles/cmTC_c729a.dir/build
make[1]: Verzeichnis „/home/ameise/Yassine_GIT/catkin_ws/build/rover_webcam/CMakeFiles/CMakeTmp“ wird betreten
Building C object CMakeFiles/cmTC_c729a.dir/CheckSymbolExists.c.o
/usr/bin/cc    -o CMakeFiles/cmTC_c729a.dir/CheckSymbolExists.c.o   -c /home/ameise/Yassine_GIT/catkin_ws/build/rover_webcam/CMakeFiles/CMakeTmp/CheckSymbolExists.c
Linking C executable cmTC_c729a
/usr/bin/cmake -E cmake_link_script CMakeFiles/cmTC_c729a.dir/link.txt --verbose=1
/usr/bin/cc      -rdynamic CMakeFiles/cmTC_c729a.dir/CheckSymbolExists.c.o  -o cmTC_c729a 
CMakeFiles/cmTC_c729a.dir/CheckSymbolExists.c.o: In Funktion »main«:
CheckSymbolExists.c:(.text+0x1b): Warnung: undefinierter Verweis auf »pthread_create«
collect2: error: ld returned 1 exit status
CMakeFiles/cmTC_c729a.dir/build.make:97: recipe for target 'cmTC_c729a' failed
make[1]: *** [cmTC_c729a] Error 1
make[1]: Verzeichnis „/home/ameise/Yassine_GIT/catkin_ws/build/rover_webcam/CMakeFiles/CMakeTmp“ wird verlassen
Makefile:126: recipe for target 'cmTC_c729a/fast' failed
make: *** [cmTC_c729a/fast] Error 2

File /home/ameise/Yassine_GIT/catkin_ws/build/rover_webcam/CMakeFiles/CMakeTmp/CheckSymbolExists.c:
/* */
#include <pthread.h>

int main(int argc, char** argv)
{
  (void)argv;
#ifndef pthread_create
  return ((int*)(&pthread_create))[argc];
#else
  (void)argc;
  return 0;
#endif
}

Determining if the function pthread_create exists in the pthreads failed with the following output:
Change Dir: /home/ameise/Yassine_GIT/catkin_ws/build/rover_webcam/CMakeFiles/CMakeTmp

Run Build Command:"/usr/bin/make" "cmTC_179dc/fast"
/usr/bin/make -f CMakeFiles/cmTC_179dc.dir/build.make CMakeFiles/cmTC_179dc.dir/build
make[1]: Verzeichnis „/home/ameise/Yassine_GIT/catkin_ws/build/rover_webcam/CMakeFiles/CMakeTmp“ wird betreten
Building C object CMakeFiles/cmTC_179dc.dir/CheckFunctionExists.c.o
/usr/bin/cc   -DCHECK_FUNCTION_EXISTS=pthread_create   -o CMakeFiles/cmTC_179dc.dir/CheckFunctionExists.c.o   -c /usr/share/cmake-3.10/Modules/CheckFunctionExists.c
Linking C executable cmTC_179dc
/usr/bin/cmake -E cmake_link_script CMakeFiles/cmTC_179dc.dir/link.txt --verbose=1
/usr/bin/cc  -DCHECK_FUNCTION_EXISTS=pthread_create    -rdynamic CMakeFiles/cmTC_179dc.dir/CheckFunctionExists.c.o  -o cmTC_179dc -lpthreads 
/usr/bin/ld: -lpthreads kann nicht gefunden werden
collect2: error: ld returned 1 exit status
CMakeFiles/cmTC_179dc.dir/build.make:97: recipe for target 'cmTC_179dc' failed
make[1]: *** [cmTC_179dc] Error 1
make[1]: Verzeichnis „/home/ameise/Yassine_GIT/catkin_ws/build/rover_webcam/CMakeFiles/CMakeTmp“ wird verlassen
Makefile:126: recipe for target 'cmTC_179dc/fast' failed
make: *** [cmTC_179dc/fast] Error 2


