Determining if the pthread_create exist failed with the following output:
Change Dir: /home/ameise/Yassine_GIT/catkin_ws/build/ouster_description/CMakeFiles/CMakeTmp

Run Build Command:"/usr/bin/make" "cmTC_b7a09/fast"
/usr/bin/make -f CMakeFiles/cmTC_b7a09.dir/build.make CMakeFiles/cmTC_b7a09.dir/build
make[1]: Verzeichnis „/home/ameise/Yassine_GIT/catkin_ws/build/ouster_description/CMakeFiles/CMakeTmp“ wird betreten
Building C object CMakeFiles/cmTC_b7a09.dir/CheckSymbolExists.c.o
/usr/bin/cc    -o CMakeFiles/cmTC_b7a09.dir/CheckSymbolExists.c.o   -c /home/ameise/Yassine_GIT/catkin_ws/build/ouster_description/CMakeFiles/CMakeTmp/CheckSymbolExists.c
Linking C executable cmTC_b7a09
/usr/bin/cmake -E cmake_link_script CMakeFiles/cmTC_b7a09.dir/link.txt --verbose=1
/usr/bin/cc      -rdynamic CMakeFiles/cmTC_b7a09.dir/CheckSymbolExists.c.o  -o cmTC_b7a09 
CMakeFiles/cmTC_b7a09.dir/CheckSymbolExists.c.o: In Funktion »main«:
CheckSymbolExists.c:(.text+0x1b): Warnung: undefinierter Verweis auf »pthread_create«
collect2: error: ld returned 1 exit status
CMakeFiles/cmTC_b7a09.dir/build.make:97: recipe for target 'cmTC_b7a09' failed
make[1]: *** [cmTC_b7a09] Error 1
make[1]: Verzeichnis „/home/ameise/Yassine_GIT/catkin_ws/build/ouster_description/CMakeFiles/CMakeTmp“ wird verlassen
Makefile:126: recipe for target 'cmTC_b7a09/fast' failed
make: *** [cmTC_b7a09/fast] Error 2

File /home/ameise/Yassine_GIT/catkin_ws/build/ouster_description/CMakeFiles/CMakeTmp/CheckSymbolExists.c:
/* */
#include <pthread.h>

int main(int argc, char** argv)
{
  (void)argv;
#ifndef pthread_create
  return ((int*)(&pthread_create))[argc];
#else
  (void)argc;
  return 0;
#endif
}

Determining if the function pthread_create exists in the pthreads failed with the following output:
Change Dir: /home/ameise/Yassine_GIT/catkin_ws/build/ouster_description/CMakeFiles/CMakeTmp

Run Build Command:"/usr/bin/make" "cmTC_bd9ee/fast"
/usr/bin/make -f CMakeFiles/cmTC_bd9ee.dir/build.make CMakeFiles/cmTC_bd9ee.dir/build
make[1]: Verzeichnis „/home/ameise/Yassine_GIT/catkin_ws/build/ouster_description/CMakeFiles/CMakeTmp“ wird betreten
Building C object CMakeFiles/cmTC_bd9ee.dir/CheckFunctionExists.c.o
/usr/bin/cc   -DCHECK_FUNCTION_EXISTS=pthread_create   -o CMakeFiles/cmTC_bd9ee.dir/CheckFunctionExists.c.o   -c /usr/share/cmake-3.10/Modules/CheckFunctionExists.c
Linking C executable cmTC_bd9ee
/usr/bin/cmake -E cmake_link_script CMakeFiles/cmTC_bd9ee.dir/link.txt --verbose=1
/usr/bin/cc  -DCHECK_FUNCTION_EXISTS=pthread_create    -rdynamic CMakeFiles/cmTC_bd9ee.dir/CheckFunctionExists.c.o  -o cmTC_bd9ee -lpthreads 
/usr/bin/ld: -lpthreads kann nicht gefunden werden
collect2: error: ld returned 1 exit status
CMakeFiles/cmTC_bd9ee.dir/build.make:97: recipe for target 'cmTC_bd9ee' failed
make[1]: *** [cmTC_bd9ee] Error 1
make[1]: Verzeichnis „/home/ameise/Yassine_GIT/catkin_ws/build/ouster_description/CMakeFiles/CMakeTmp“ wird verlassen
Makefile:126: recipe for target 'cmTC_bd9ee/fast' failed
make: *** [cmTC_bd9ee/fast] Error 2


